<?xml version="1.0" encoding="UTF-8"?>
<testng-results ignored="0" total="1" passed="1" failed="0" skipped="0">
  <reporter-output>
  </reporter-output>
  <suite started-at="2023-05-26T15:52:38 IST" name="Suite" finished-at="2023-05-26T15:52:44 IST" duration-ms="6834">
    <groups>
    </groups>
    <test started-at="2023-05-26T15:52:38 IST" name="Test" finished-at="2023-05-26T15:52:44 IST" duration-ms="6834">
      <class name="testCase.test1">
        <test-method signature="execute()[pri:0, instance:testCase.test1@28d18df5]" started-at="2023-05-26T15:52:38 IST" name="execute" finished-at="2023-05-26T15:52:44 IST" duration-ms="6428" status="PASS">
          <reporter-output>
          </reporter-output>
        </test-method> <!-- execute -->
      </class> <!-- testCase.test1 -->
    </test> <!-- Test -->
  </suite> <!-- Suite -->
</testng-results>
